WARNING! 2 students found: Агамова Кристина Юнленовна
WARNING! 2 students found: Андрианова Елена Сергеевна
WARNING! 2 students found: Баранова Ольга Олеговна
WARNING! 2 students found: Богомолова Анастасия Александровна
WARNING! 2 students found: Вийра Луиза Айваровна
WARNING! 2 students found: Галстян Мариам Амбарцумовна
WARNING! 2 students found: Гревцова Екатерина Юрьевна
WARNING! 2 students found: Заврачаев Алексей Владимирович
WARNING! 2 students found: Захарова Анастасия Игоревна
WARNING! 2 students found: Ибраимова Альбина Расуловна
WARNING! 2 students found: Иванова Екатерина Александровна
WARNING! 2 students found: Иванова Елена Михайловна
WARNING! 2 students found: Каныгина Ольга Михайловна
WARNING! 2 students found: Клименко Анна Николаевна
WARNING! 2 students found: Колосова Инна Анатольевна
WARNING! 2 students found: Комарова Юлия Александровна
WARNING! 2 students found: Коршунов Юрий Александрович
WARNING! 2 students found: Кузьмина Екатерина Игоревна
WARNING! 2 students found: Лебедева Екатерина Александровна
WARNING! 2 students found: Мазнева Дарья Дмитриевна
WARNING! 2 students found: Макарова Елена Андреевна
WARNING! 2 students found: Макарова Мария Александровна
WARNING! 2 students found: Маркова Татьяна Андреевна
WARNING! 2 students found: Миронова Полина Игоревна
WARNING! 2 students found: Михеева Екатерина Андреевна
WARNING! 2 students found: Мороз Анастасия Владимировна
WARNING! 2 students found: Мухаммедзянова Яна Равильевна
WARNING! 2 students found: Петрова Наталья Геннадьевна
WARNING! 2 students found: Пименов Евгений Алексеевич
WARNING! 2 students found: Попова Мария Юрьевна
WARNING! 2 students found: Резниченко Ирина Евгеньевна
WARNING! 2 students found: Ролдугина Екатерина Александровна
WARNING! 2 students found: Соколова Елена Дмитриевна
WARNING! 2 students found: Субботина Екатерина Александровна
WARNING! 2 students found: Токарик Андрей Владимирович
WARNING! 2 students found: Фролова Ольга Владимировна
WARNING! 2 students found: Чистякова Анастасия Игоревна
WARNING! 2 students found: Шахнина Людмила Владимировна
WARNING! 2 students found: Шмелева Екатерина Сергеевна
WARNING! 2 students found: Щербаков Евгений Владимирович
WARNING! 2 students found: Юркина Екатерина Владимировна
WARNING! 2 students found: Яковлева Марина Александровна
WARNING! 3 students found: Измайлов Рустам Кешафович
WARNING! 3 students found: Ковалева Наталия Николаевна
WARNING! 3 students found: Литвак Юлия Семеновна
WARNING! 3 students found: Попова Юлия Владимировна
WARNING! Unknown student: Бабайчев Евгений Андреевич
WARNING! Unknown student: Баклыкова Юлия Алексеевна
WARNING! Unknown student: Баранова Дарья Дмитриевна
WARNING! Unknown student: Батикян Ксения Юрьевна
WARNING! Unknown student: Бахарева Ольга Вячеславовна
WARNING! Unknown student: Берлизева Анна Владимировна
WARNING! Unknown student: Воробьева Ольга Николаевна
WARNING! Unknown student: Гиль Любовь Александровна
WARNING! Unknown student: Дрожжина Ярослава Владимировна
WARNING! Unknown student: Елинек Мария Валерьевна
WARNING! Unknown student: Ефремова Юлия Дмитриевна
WARNING! Unknown student: Жаруллин Данис Наилевич
WARNING! Unknown student: Золдарева Ольга Евгеньевна
WARNING! Unknown student: Иванов Алексей Владимирович
WARNING! Unknown student: Идрисова Алия Памилевна
WARNING! Unknown student: Илюхина Анна Владимировна
WARNING! Unknown student: Киракосян Марина Бабкеновна
WARNING! Unknown student: Кобзарь Александра Михайловна
WARNING! Unknown student: Коваль Инна Сергеевна
WARNING! Unknown student: Короглишвили Ани Чабуковна
WARNING! Unknown student: Крутых Мария Леонидовна
WARNING! Unknown student: Кузнецова Мария Михайловна
WARNING! Unknown student: Кулажникова(Артынюк) Анна Сергеевна
WARNING! Unknown student: Максимова Екатерина Юрьевна
WARNING! Unknown student: Маслова Наталья Евгеньевна
WARNING! Unknown student: Морозова Марина Игоревна
WARNING! Unknown student: Мусихин Сергей Владимирович
WARNING! Unknown student: Перебейносова Екатерина Михайловна
WARNING! Unknown student: Радченко Марина Валерьевна
WARNING! Unknown student: Райс Светлана Андреевна
WARNING! Unknown student: Рыбакова Виктория Анатольевна
WARNING! Unknown student: Сальникова Галина Юрьевна
WARNING! Unknown student: Соловьева Наталья Валерьевна
WARNING! Unknown student: Соловьёва Маргарита Юрьевна
WARNING! Unknown student: Татаринова Яна Григорьевна
WARNING! Unknown student: Ткачев Марк Андреевич
WARNING! Unknown student: Топчиян Мария Владимировна
WARNING! Unknown student: Хаддадин Алья Икабовна
WARNING! Unknown student: Чернова Юлия Евгеньевна
WARNING! Unknown student: Шапиро Борис Анатольевич
WARNING! Unknown student: Шишкова Оксана Артуровна
WARNING! Unknown student: Шорина Юлия Викторовна
WARNING! Unknown student: Шушунова Елена Владимировна
