WARNING! Course mismatch: 1 for 201
WARNING! Course mismatch: 5 for 
WARNING! Department number mismatch: 1 for 409
WARNING! Department number mismatch: 2 for 
WARNING! Department number mismatch: 2 for 417
WARNING! Department number mismatch: 2 for 418
WARNING! Department number mismatch: 3 for 201
WARNING! Department number mismatch: 3 for 217
WARNING! Department number mismatch: 3 for 218
WARNING! Department number mismatch: 3 for 316
WARNING! Department number mismatch: 3 for 317
WARNING! Department number mismatch: 3 for 318
WARNING! Department number mismatch: 3 for 411
WARNING! Department number mismatch: 3 for 412
WARNING! Department number mismatch: 3 for 413
WARNING! Department number mismatch: 3 for 510
WARNING! Department number mismatch: 3 for 511
WARNING! Department number mismatch: 3 for 512
WARNING! Department number mismatch: 4 for 101
WARNING! Department number mismatch: 4 for 102
WARNING! Department number mismatch: 4 for 103
WARNING! Department number mismatch: 4 for 104
WARNING! Department number mismatch: 4 for 105
WARNING! Department number mismatch: 4 for 106
WARNING! Department number mismatch: 4 for 107
WARNING! Department number mismatch: 4 for 108
WARNING! Department number mismatch: 4 for 109
WARNING! Department number mismatch: 4 for 110
WARNING! Department number mismatch: 4 for 111
WARNING! Department number mismatch: 4 for 112
WARNING! Department number mismatch: 4 for 201
WARNING! Department number mismatch: 4 for 202
WARNING! Department number mismatch: 4 for 203
WARNING! Department number mismatch: 4 for 204
WARNING! Department number mismatch: 4 for 205
WARNING! Department number mismatch: 4 for 206
WARNING! Department number mismatch: 4 for 207
WARNING! Department number mismatch: 4 for 208
WARNING! Department number mismatch: 4 for 209
WARNING! Department number mismatch: 4 for 210
WARNING! Department number mismatch: 4 for 211
WARNING! Department number mismatch: 4 for 212
WARNING! Department number mismatch: 4 for 301
WARNING! Department number mismatch: 4 for 302
WARNING! Department number mismatch: 4 for 303
WARNING! Department number mismatch: 4 for 304
WARNING! Department number mismatch: 4 for 305
WARNING! Department number mismatch: 4 for 306
WARNING! Department number mismatch: 4 for 307
WARNING! Department number mismatch: 4 for 308
WARNING! Department number mismatch: 4 for 309
WARNING! Department number mismatch: 4 for 310
WARNING! Department number mismatch: 4 for 311
WARNING! Department number mismatch: 4 for 312
WARNING! Department number mismatch: 4 for 401
WARNING! Department number mismatch: 4 for 402
WARNING! Department number mismatch: 4 for 403
WARNING! Department number mismatch: 4 for 404
WARNING! Department number mismatch: 4 for 405
WARNING! Department number mismatch: 4 for 406
WARNING! Department number mismatch: 4 for 407
WARNING! Department number mismatch: 4 for 408
WARNING! Department number mismatch: 4 for 501
WARNING! Department number mismatch: 4 for 502
WARNING! Department number mismatch: 4 for 503
WARNING! Department number mismatch: 4 for 504
WARNING! Department number mismatch: 4 for 505
WARNING! Department number mismatch: 4 for 506
WARNING! Department number mismatch: 4 for 507
WARNING! Department number mismatch: 4 for 508
WARNING! Duplicate group found: ID:3462 for 111
WARNING! Duplicate group found: ID:3463 for 112
WARNING! Duplicate group found: ID:3464 for 103
WARNING! Duplicate group found: ID:3465 for 104
WARNING! Duplicate group found: ID:3466 for 105
WARNING! Duplicate group found: ID:3467 for 106
WARNING! Duplicate group found: ID:3468 for 107
WARNING! Duplicate group found: ID:3472 for 201
WARNING! Duplicate group found: ID:3473 for 102
WARNING! Duplicate group found: ID:3474 for 101
WARNING! Duplicate group found: ID:3475 for 212
WARNING! Duplicate group found: ID:3476 for 203
WARNING! Duplicate group found: ID:3477 for 204
WARNING! Duplicate group found: ID:3478 for 205
WARNING! Duplicate group found: ID:3479 for 206
WARNING! Duplicate group found: ID:3480 for 207
WARNING! Duplicate group found: ID:3481 for 208
WARNING! Duplicate group found: ID:3484 for 201
WARNING! Duplicate group found: ID:3485 for 202
WARNING! Duplicate group found: ID:3486 for 311
WARNING! Duplicate group found: ID:3487 for 312
WARNING! Duplicate group found: ID:3488 for 303
WARNING! Duplicate group found: ID:3489 for 304
WARNING! Duplicate group found: ID:3490 for 305
WARNING! Duplicate group found: ID:3491 for 306
WARNING! Duplicate group found: ID:3492 for 307
WARNING! Duplicate group found: ID:3493 for 308
WARNING! Duplicate group found: ID:3496 for 301
WARNING! Duplicate group found: ID:3497 for 302
WARNING! Duplicate group found: ID:3498 for 401
WARNING! Duplicate group found: ID:3499 for 402
WARNING! Duplicate group found: ID:3500 for 403
WARNING! Duplicate group found: ID:3501 for 404
WARNING! Duplicate group found: ID:3502 for 405
WARNING! Duplicate group found: ID:3503 for 406
WARNING! Duplicate group found: ID:3504 for 407
WARNING! Duplicate group found: ID:3505 for 408
WARNING! Duplicate group found: ID:3506 for 501
WARNING! Duplicate group found: ID:3507 for 502
WARNING! Duplicate group found: ID:3508 for 503
WARNING! Duplicate group found: ID:3509 for 504
WARNING! Duplicate group found: ID:3510 for 505
WARNING! Duplicate group found: ID:3511 for 506
WARNING! Duplicate group found: ID:3512 for 507
WARNING! Duplicate group found: ID:3513 for 508
WARNING! Odd group name: 
WARNING! Odd name: Абдуллаева Нилуфар Франис кызы
WARNING! Odd name: Азимова Халида Гамзахан кызы
WARNING! Odd name: Бардашевич Яна Александровна - отчисление
WARNING! Odd name: Блажнова Галина Сергеевна - восстановление
WARNING! Odd name: Гараканидзе Анна Александровна - восстановление
WARNING! Odd name: Керская Инна Сергеевна (Добродумова) отпуск по уходу за ребенком
WARNING! Odd name: КислухинаЕкатерина Максимовна
WARNING! Odd name: Кныш Людмила Сергеевна - отчисление
WARNING! Odd name: Кравчук Т.С
WARNING! Odd name: Николаева Анастасия Евгеньевна - отчисление
WARNING! Odd name: Овсянникова Екатерина Сергеевна (восстановление) гос.бюджнт
WARNING! Odd name: Ригин Андрей Алексеевич курса
WARNING! Odd name: Ролдугина Екатерина Александровна - перевод с очной формы обучения на очно-заочную
WARNING! Odd name: Сапронова Анна
WARNING! Odd name: Сахарова Ольга Андреевна ода
WARNING! Odd study type: 1в процессе отчисления повтор года на 2-ом
WARNING! Odd study type: 1( в процессе оформления)
WARNING! Odd study type: 1в процессе оформления
WARNING! Odd study type: 1отчислена
WARNING! Odd study type: 1подано заявление
WARNING! Odd study type: в процессе отчисления
WARNING! Odd study type: в процесс оформления ода
WARNING! Odd study type: переход на повтор года
WARNING! Odd study type: подано заявление
WARNING! Odd study type: процесс оформления (А/О)
WARNING! Unknown gender: Аборина Екатерина Васильева
WARNING! Unknown gender: Бардашевич Яна Александровна - отчисление
WARNING! Unknown gender: Гараканидзе Анна Александровна - восстановление
WARNING! Unknown gender: Керская Инна Сергеевна (Добродумова) отпуск по уходу за ребенком
WARNING! Unknown gender: Кныш Людмила Сергеевна - отчисление
WARNING! Unknown gender: Кравчук Т.С
WARNING! Unknown gender: Пучкина Юлия Дмитриева
WARNING! Unknown gender: Ригин Андрей Алексеевич курса
WARNING! Unknown gender: Ролдугина Екатерина Александровна - перевод с очной формы обучения на очно-заочную
WARNING! Unknown gender: Тумкина Юлия Андреева
