WARNING! Course mismatch: 1 for 
WARNING! Course mismatch: 1 for 204
WARNING! Course mismatch: 5 for 
WARNING! Course mismatch: 5 for 105
WARNING! Course mismatch: 5 for 145
WARNING! Course mismatch: 6 for 
WARNING! Course mismatch: 6 for 205
WARNING! Course mismatch: 6 for 245
WARNING! Department number mismatch: 1 for 
WARNING! Department number mismatch: 1 for 101н
WARNING! Department number mismatch: 1 for 101ф
WARNING! Department number mismatch: 1 for 102а
WARNING! Department number mismatch: 1 for 102ф
WARNING! Department number mismatch: 1 for 103а
WARNING! Department number mismatch: 1 for 104
WARNING! Department number mismatch: 1 for 105
WARNING! Department number mismatch: 1 for 161
WARNING! Department number mismatch: 1 for 162
WARNING! Department number mismatch: 1 for 201а
WARNING! Department number mismatch: 1 for 201ф
WARNING! Department number mismatch: 1 for 202н
WARNING! Department number mismatch: 1 for 203а
WARNING! Department number mismatch: 1 for 204
WARNING! Department number mismatch: 1 for 204а
WARNING! Department number mismatch: 1 for 205
WARNING! Department number mismatch: 1 for 261
WARNING! Department number mismatch: 1 for 262
WARNING! Department number mismatch: 1 for 301а
WARNING! Department number mismatch: 1 for 301ф
WARNING! Department number mismatch: 1 for 302а
WARNING! Department number mismatch: 1 for 303а
WARNING! Department number mismatch: 1 for 304
WARNING! Department number mismatch: 1 for 304а
WARNING! Department number mismatch: 1 for 305
WARNING! Department number mismatch: 1 for 361
WARNING! Department number mismatch: 1 for 362
WARNING! Department number mismatch: 1 for 401
WARNING! Department number mismatch: 1 for 401а
WARNING! Department number mismatch: 1 for 401ф
WARNING! Department number mismatch: 1 for 402
WARNING! Department number mismatch: 1 for 402а
WARNING! Department number mismatch: 1 for 404
WARNING! Department number mismatch: 1 for 501а
WARNING! Department number mismatch: 1 for 502а
WARNING! Department number mismatch: 1 for 504
WARNING! Department number mismatch: 1 for 505
WARNING! Department number mismatch: 2 for 
WARNING! Department number mismatch: 2 for 101
WARNING! Department number mismatch: 2 for 101а
WARNING! Department number mismatch: 2 for 102
WARNING! Department number mismatch: 2 for 102а
WARNING! Department number mismatch: 2 for 103
WARNING! Department number mismatch: 2 for 201
WARNING! Department number mismatch: 2 for 201а
WARNING! Department number mismatch: 2 for 202
WARNING! Department number mismatch: 2 for 202а
WARNING! Department number mismatch: 2 for 203
WARNING! Department number mismatch: 2 for 203а
WARNING! Department number mismatch: 2 for 204
WARNING! Department number mismatch: 2 for 205а
WARNING! Department number mismatch: 2 for 301
WARNING! Department number mismatch: 2 for 301а
WARNING! Department number mismatch: 2 for 302
WARNING! Department number mismatch: 2 for 302а
WARNING! Department number mismatch: 2 for 303
WARNING! Department number mismatch: 2 for 303а
WARNING! Department number mismatch: 2 for 304н
WARNING! Department number mismatch: 2 for 401
WARNING! Department number mismatch: 2 for 401а
WARNING! Department number mismatch: 2 for 402
WARNING! Department number mismatch: 2 for 402а
WARNING! Department number mismatch: 2 for 403
WARNING! Department number mismatch: 2 for 403а
WARNING! Department number mismatch: 2 for 404а
WARNING! Department number mismatch: 2 for 414
WARNING! Department number mismatch: 2 for 415
WARNING! Department number mismatch: 2 for 416
WARNING! Department number mismatch: 2 for 501
WARNING! Department number mismatch: 2 for 501н
WARNING! Department number mismatch: 2 for 501ф
WARNING! Department number mismatch: 2 for 502
WARNING! Department number mismatch: 2 for 502а
WARNING! Department number mismatch: 2 for 503
WARNING! Department number mismatch: 3 for 
WARNING! Department number mismatch: 3 for 101
WARNING! Department number mismatch: 3 for 102
WARNING! Department number mismatch: 3 for 103
WARNING! Department number mismatch: 3 for 104
WARNING! Department number mismatch: 3 for 105
WARNING! Department number mismatch: 3 for 181
WARNING! Department number mismatch: 3 for 182
WARNING! Department number mismatch: 3 for 201
WARNING! Department number mismatch: 3 for 202
WARNING! Department number mismatch: 3 for 203
WARNING! Department number mismatch: 3 for 204
WARNING! Department number mismatch: 3 for 205
WARNING! Department number mismatch: 3 for 281
WARNING! Department number mismatch: 3 for 282
WARNING! Department number mismatch: 3 for 301
WARNING! Department number mismatch: 3 for 302
WARNING! Department number mismatch: 3 for 303
WARNING! Department number mismatch: 3 for 304
WARNING! Department number mismatch: 3 for 305
WARNING! Department number mismatch: 3 for 381
WARNING! Department number mismatch: 3 for 382
WARNING! Department number mismatch: 3 for 401
WARNING! Department number mismatch: 3 for 402
WARNING! Department number mismatch: 3 for 403
WARNING! Department number mismatch: 3 for 404
WARNING! Department number mismatch: 3 for 405
WARNING! Department number mismatch: 3 for 417
WARNING! Department number mismatch: 3 for 418
WARNING! Department number mismatch: 3 for 481
WARNING! Department number mismatch: 3 for 482
WARNING! Department number mismatch: 3 for 483
WARNING! Department number mismatch: 3 for 501
WARNING! Department number mismatch: 3 for 502
WARNING! Department number mismatch: 3 for 503
WARNING! Department number mismatch: 3 for 504
WARNING! Department number mismatch: 3 for 505
WARNING! Department number mismatch: 3 for 507
WARNING! Department number mismatch: 3 for 581
WARNING! Department number mismatch: 3 for 582
WARNING! Department number mismatch: 3 for 583
WARNING! Department number mismatch: 3 for 681
WARNING! Department number mismatch: 3 for 682
WARNING! Department number mismatch: 4 for 101
WARNING! Department number mismatch: 4 for 102
WARNING! Department number mismatch: 4 for 103
WARNING! Department number mismatch: 4 for 104
WARNING! Department number mismatch: 4 for 105
WARNING! Department number mismatch: 4 for 106
WARNING! Department number mismatch: 4 for 201
WARNING! Department number mismatch: 4 for 202
WARNING! Department number mismatch: 4 for 203
WARNING! Department number mismatch: 4 for 204
WARNING! Department number mismatch: 4 for 301
WARNING! Department number mismatch: 4 for 302
WARNING! Department number mismatch: 4 for 303
WARNING! Department number mismatch: 4 for 304
WARNING! Department number mismatch: 4 for 305
WARNING! Department number mismatch: 4 for 401
WARNING! Department number mismatch: 4 for 402
WARNING! Department number mismatch: 4 for 403
WARNING! Department number mismatch: 4 for 404
WARNING! Department number mismatch: 4 for 501
WARNING! Department number mismatch: 4 for 502
WARNING! Department number mismatch: 4 for 503
WARNING! Department number mismatch: 5 for 101
WARNING! Department number mismatch: 5 for 102
WARNING! Department number mismatch: 5 for 103
WARNING! Department number mismatch: 5 for 104
WARNING! Department number mismatch: 5 for 106
WARNING! Department number mismatch: 5 for 107
WARNING! Department number mismatch: 5 for 108
WARNING! Department number mismatch: 5 for 201
WARNING! Department number mismatch: 5 for 201А
WARNING! Department number mismatch: 5 for 202
WARNING! Department number mismatch: 5 for 203
WARNING! Department number mismatch: 5 for 206
WARNING! Department number mismatch: 5 for 207
WARNING! Department number mismatch: 5 for 208
WARNING! Department number mismatch: 5 for 301
WARNING! Department number mismatch: 5 for 302
WARNING! Department number mismatch: 5 for 303
WARNING! Department number mismatch: 5 for 306
WARNING! Department number mismatch: 5 for 307
WARNING! Department number mismatch: 5 for 308
WARNING! Department number mismatch: 5 for 401
WARNING! Department number mismatch: 5 for 402
WARNING! Department number mismatch: 5 for 403
WARNING! Department number mismatch: 5 for 403A
WARNING! Department number mismatch: 5 for 406
WARNING! Department number mismatch: 5 for 407
WARNING! Department number mismatch: 5 for 408
WARNING! Department number mismatch: 5 for 501
WARNING! Department number mismatch: 5 for 502
WARNING! Department number mismatch: 5 for 503
WARNING! Department number mismatch: 5 for 504
WARNING! Department number mismatch: 5 for 506
WARNING! Department number mismatch: 5 for 507
WARNING! Department number mismatch: 5 for 508
WARNING! Department number mismatch: 6 for 105
WARNING! Department number mismatch: 6 for 106
WARNING! Department number mismatch: 6 for 107
WARNING! Department number mismatch: 6 for 109
WARNING! Department number mismatch: 6 for 171
WARNING! Department number mismatch: 6 for 172
WARNING! Department number mismatch: 6 for 173
WARNING! Department number mismatch: 6 for 204
WARNING! Department number mismatch: 6 for 205
WARNING! Department number mismatch: 6 for 206
WARNING! Department number mismatch: 6 for 209
WARNING! Department number mismatch: 6 for 271
WARNING! Department number mismatch: 6 for 272
WARNING! Department number mismatch: 6 for 273
WARNING! Department number mismatch: 6 for 304
WARNING! Department number mismatch: 6 for 305
WARNING! Department number mismatch: 6 for 306
WARNING! Department number mismatch: 6 for 309
WARNING! Department number mismatch: 6 for 371
WARNING! Department number mismatch: 6 for 372
WARNING! Department number mismatch: 6 for 373
WARNING! Department number mismatch: 6 for 374
WARNING! Department number mismatch: 6 for 402
WARNING! Department number mismatch: 6 for 403
WARNING! Department number mismatch: 6 for 404
WARNING! Department number mismatch: 6 for 405
WARNING! Department number mismatch: 6 for 406
WARNING! Department number mismatch: 6 for 501
WARNING! Department number mismatch: 6 for 502
WARNING! Department number mismatch: 6 for 503
WARNING! Department number mismatch: 6 for 505
WARNING! Department number mismatch: 6 for 506
WARNING! Department number mismatch: 6 for 507
WARNING! Department number mismatch: 7 for 
WARNING! Department number mismatch: 7 for 108
WARNING! Department number mismatch: 7 for 109
WARNING! Department number mismatch: 7 for 110
WARNING! Department number mismatch: 7 for 161
WARNING! Department number mismatch: 7 for 162
WARNING! Department number mismatch: 7 for 163
WARNING! Department number mismatch: 7 for 164
WARNING! Department number mismatch: 7 for 207
WARNING! Department number mismatch: 7 for 208
WARNING! Department number mismatch: 7 for 209
WARNING! Department number mismatch: 7 for 261
WARNING! Department number mismatch: 7 for 262
WARNING! Department number mismatch: 7 for 263
WARNING! Department number mismatch: 7 for 264
WARNING! Department number mismatch: 7 for 307
WARNING! Department number mismatch: 7 for 308
WARNING! Department number mismatch: 7 for 309
WARNING! Department number mismatch: 7 for 361
WARNING! Department number mismatch: 7 for 362
WARNING! Department number mismatch: 7 for 363
WARNING! Department number mismatch: 7 for 364
WARNING! Department number mismatch: 7 for 401
WARNING! Department number mismatch: 7 for 402
WARNING! Department number mismatch: 7 for 403
WARNING! Department number mismatch: 7 for 407
WARNING! Department number mismatch: 7 for 408
WARNING! Department number mismatch: 7 for 409
WARNING! Department number mismatch: 7 for 501
WARNING! Department number mismatch: 7 for 502
WARNING! Department number mismatch: 7 for 503
WARNING! Department number mismatch: 7 for 508
WARNING! Department number mismatch: 7 for 509
WARNING! Department number mismatch: 7 for 510
WARNING! Department number mismatch: 7 for 511
WARNING! Department number mismatch: 8 for 151
WARNING! Department number mismatch: 8 for 152
WARNING! Department number mismatch: 8 for 153
WARNING! Department number mismatch: 8 for 154
WARNING! Department number mismatch: 8 for 251
WARNING! Department number mismatch: 8 for 252
WARNING! Department number mismatch: 8 for 253
WARNING! Department number mismatch: 8 for 254
WARNING! Department number mismatch: 8 for 351
WARNING! Department number mismatch: 8 for 352
WARNING! Department number mismatch: 8 for 353
WARNING! Department number mismatch: 8 for 354
WARNING! Department number mismatch: 8 for 401
WARNING! Department number mismatch: 8 for 402
WARNING! Department number mismatch: 8 for 501
WARNING! Department number mismatch: 8 for 502
WARNING! Duplicate group found: ID:1686 for 
WARNING! Duplicate group found: ID:1688 for 
WARNING! Duplicate group found: ID:1744 for 401
WARNING! Duplicate group found: ID:1747 for 501
WARNING! Duplicate group found: ID:1749 for 501
WARNING! Duplicate group found: ID:1763 for 401
WARNING! Duplicate group found: ID:1765 for 401
WARNING! Duplicate group found: ID:1767 for 501
WARNING! Duplicate group found: ID:1768 for 501
WARNING! Duplicate group found: ID:1769 for 501
WARNING! Duplicate group found: ID:1786 for 401
WARNING! Duplicate group found: ID:1789 for 501
WARNING! Duplicate group found: ID:1806 for 502
WARNING! Duplicate group found: ID:1809 for 101
WARNING! Duplicate group found: ID:1810 for 102
WARNING! Duplicate group found: ID:1811 for 103
WARNING! Duplicate group found: ID:1815 for 101
WARNING! Duplicate group found: ID:1816 for 102
WARNING! Duplicate group found: ID:1817 for 101
WARNING! Duplicate group found: ID:1818 for 102
WARNING! Duplicate group found: ID:1820 for 101
WARNING! Duplicate group found: ID:1822 for 101
WARNING! Duplicate group found: ID:1823 for 101
WARNING! Duplicate group found: ID:1824 for 101
WARNING! Duplicate group found: ID:1825 for 101
WARNING! Duplicate group found: ID:1826 for 101
WARNING! Duplicate group found: ID:1827 for 101
WARNING! Duplicate group found: ID:1829 for 201
WARNING! Duplicate group found: ID:1830 for 202
WARNING! Duplicate group found: ID:1831 for 203
WARNING! Duplicate group found: ID:1833 for 201
WARNING! Duplicate group found: ID:1834 for 202
WARNING! Duplicate group found: ID:1835 for 203
WARNING! Duplicate group found: ID:1836 for 201
WARNING! Duplicate group found: ID:1837 for 202
WARNING! Duplicate group found: ID:1839 for 201
WARNING! Duplicate group found: ID:1841 for 201
WARNING! Duplicate group found: ID:1842 for 201
WARNING! Duplicate group found: ID:1843 for 201
WARNING! Duplicate group found: ID:1844 for 201
WARNING! Duplicate group found: ID:1845 for 201
WARNING! Duplicate group found: ID:1846 for 201
WARNING! Duplicate group found: ID:1847 for 201
WARNING! Duplicate group found: ID:1849 for 301
WARNING! Duplicate group found: ID:1850 for 302
WARNING! Duplicate group found: ID:1851 for 303
WARNING! Duplicate group found: ID:1854 for 301
WARNING! Duplicate group found: ID:1855 for 302
WARNING! Duplicate group found: ID:1856 for 303
WARNING! Duplicate group found: ID:1857 for 301
WARNING! Duplicate group found: ID:1858 for 302
WARNING! Duplicate group found: ID:1859 for 303
WARNING! Duplicate group found: ID:1860 for 301
WARNING! Duplicate group found: ID:1863 for 301
WARNING! Duplicate group found: ID:1864 for 301
WARNING! Duplicate group found: ID:1865 for 301
WARNING! Duplicate group found: ID:1866 for 301
WARNING! Duplicate group found: ID:1867 for 301
WARNING! Duplicate group found: ID:1869 for 401
WARNING! Duplicate group found: ID:1870 for 402
WARNING! Duplicate group found: ID:1871 for 403
WARNING! Duplicate group found: ID:1873 for 401
WARNING! Duplicate group found: ID:1874 for 402
WARNING! Duplicate group found: ID:1875 for 401
WARNING! Duplicate group found: ID:1876 for 402
WARNING! Duplicate group found: ID:1878 for 401
WARNING! Duplicate group found: ID:1879 for 402
WARNING! Duplicate group found: ID:1880 for 401
WARNING! Duplicate group found: ID:1881 for 401
WARNING! Duplicate group found: ID:1882 for 401
WARNING! Duplicate group found: ID:1885 for 501
WARNING! Duplicate group found: ID:1886 for 502
WARNING! Duplicate group found: ID:1887 for 503
WARNING! Duplicate group found: ID:1889 for 502
WARNING! Duplicate group found: ID:1890 for 501
WARNING! Duplicate group found: ID:1891 for 501
WARNING! Duplicate group found: ID:1892 for 502
WARNING! Duplicate group found: ID:1893 for 501
WARNING! Duplicate group found: ID:1894 for 501
WARNING! Duplicate group found: ID:1896 for 501
WARNING! Duplicate group found: ID:1897 for 501
WARNING! Duplicate group found: ID:1899 for 102н
WARNING! Duplicate group found: ID:1900 for 103а
WARNING! Duplicate group found: ID:1901 for 101ф
WARNING! Duplicate group found: ID:1902 for 
WARNING! Duplicate group found: ID:1903 for 101а
WARNING! Duplicate group found: ID:1906 for 501ф
WARNING! Duplicate group found: ID:1907 for 501а
WARNING! Duplicate group found: ID:1912 for 303а
WARNING! Duplicate group found: ID:1917 for 501н
WARNING! Duplicate group found: ID:1918 for 501ф
WARNING! Duplicate group found: ID:1925 for 401н
WARNING! Duplicate group found: ID:1926 for 401ф
WARNING! Duplicate group found: ID:1927 for 401н
WARNING! Duplicate group found: ID:1929 for 301н
WARNING! Duplicate group found: ID:1930 for 301ф
WARNING! Duplicate group found: ID:1931 for 301н
WARNING! Duplicate group found: ID:1933 for 104
WARNING! Duplicate group found: ID:1934 for 201ф
WARNING! Duplicate group found: ID:1935 for 202а
WARNING! Duplicate group found: ID:1936 for 201н
WARNING! Duplicate group found: ID:1938 for 101н
WARNING! Duplicate group found: ID:1939 for 101ф
WARNING! Duplicate group found: ID:1940 for 102ф
WARNING! Duplicate group found: ID:1942 for 103а
WARNING! Duplicate group found: ID:1947 for 401ф
WARNING! Duplicate group found: ID:1950 for 301ф
WARNING! Duplicate group found: ID:1956 for 201ф
WARNING! Duplicate group found: ID:1976 for 101
WARNING! Duplicate group found: ID:1977 for 102
WARNING! Duplicate group found: ID:1978 for 103
WARNING! Duplicate group found: ID:1981 for 201
WARNING! Duplicate group found: ID:1982 for 202
WARNING! Duplicate group found: ID:1983 for 203
WARNING! Duplicate group found: ID:1986 for 301
WARNING! Duplicate group found: ID:1987 for 302
WARNING! Duplicate group found: ID:1988 for 303
WARNING! Duplicate group found: ID:1991 for 401
WARNING! Duplicate group found: ID:1992 for 402
WARNING! Duplicate group found: ID:1993 for 403
WARNING! Duplicate group found: ID:1996 for 501
WARNING! Duplicate group found: ID:1997 for 502
WARNING! Duplicate group found: ID:1998 for 503
WARNING! Duplicate group found: ID:2003 for 103
WARNING! Duplicate group found: ID:2019 for 204
WARNING! Duplicate group found: ID:2021 for 
WARNING! Duplicate group found: ID:2031 for 
WARNING! Duplicate group found: ID:2039 for 
WARNING! Duplicate group found: ID:2048 for 101
WARNING! Duplicate group found: ID:2049 for 102
WARNING! Duplicate group found: ID:2051 for 201
WARNING! Duplicate group found: ID:2052 for 202
WARNING! Duplicate group found: ID:2053 for 203
WARNING! Duplicate group found: ID:2055 for 301
WARNING! Duplicate group found: ID:2056 for 302
WARNING! Duplicate group found: ID:2057 for 303
WARNING! Duplicate group found: ID:2058 for 401
WARNING! Duplicate group found: ID:2059 for 402
WARNING! Duplicate group found: ID:2060 for 403
WARNING! Duplicate group found: ID:2061 for 501
WARNING! Duplicate group found: ID:2062 for 502
WARNING! Duplicate group found: ID:2082 for 
WARNING! Duplicate group found: ID:2083 for 
WARNING! Duplicate group found: ID:2091 for 681
WARNING! Duplicate group found: ID:2095 for 581
WARNING! Duplicate group found: ID:2096 for 582
WARNING! Duplicate group found: ID:2097 for 583
WARNING! Duplicate group found: ID:2100 for 482
WARNING! Duplicate group found: ID:2101 for 483
WARNING! Duplicate group found: ID:2105 for 381
WARNING! Duplicate group found: ID:2106 for 382
WARNING! Duplicate group found: ID:2110 for 281
WARNING! Duplicate group found: ID:2111 for 282
WARNING! Duplicate group found: ID:2115 for 181
WARNING! Duplicate group found: ID:2116 for 182
WARNING! Duplicate group found: ID:2140 for 
WARNING! Duplicate group found: ID:2142 for 
WARNING! Duplicate group found: ID:2143 for 
WARNING! Duplicate group found: ID:2152 for 311
WARNING! Duplicate group found: ID:2153 for 312
WARNING! Duplicate group found: ID:2154 for 211
WARNING! Duplicate group found: ID:2155 for 212
WARNING! Duplicate group found: ID:2156 for 111
WARNING! Duplicate group found: ID:2157 for 112
WARNING! Duplicate group found: ID:2158 for 551
WARNING! Duplicate group found: ID:2159 for 552
WARNING! Duplicate group found: ID:2160 for 553
WARNING! Duplicate group found: ID:2162 for 451
WARNING! Duplicate group found: ID:2163 for 452
WARNING! Duplicate group found: ID:2164 for 403A
WARNING! Duplicate group found: ID:2165 for 453
WARNING! Duplicate group found: ID:2166 for 351
WARNING! Duplicate group found: ID:2167 for 352
WARNING! Duplicate group found: ID:2168 for 353
WARNING! Duplicate group found: ID:2169 for 201А
WARNING! Duplicate group found: ID:2170 for 251
WARNING! Duplicate group found: ID:2171 for 252
WARNING! Duplicate group found: ID:2172 for 253
WARNING! Duplicate group found: ID:2173 for 151
WARNING! Duplicate group found: ID:2174 for 152
WARNING! Duplicate group found: ID:2175 for 153
WARNING! Duplicate group found: ID:2236 for 
WARNING! Odd comment: Республика Корея
WARNING! Odd comment: Киргизия
WARNING! Odd comment: Кот-д'Ивуар
WARNING! Odd group name: 
WARNING! Odd language: -
WARNING! Odd name: Ндиай Ндонго
WARNING! Odd name: Ндиай Абдулай
WARNING! Odd name: Нямжав Одонтуяа
WARNING! Odd name: Эгембердиева Махабат
WARNING! Odd name: Гагич Катарина
WARNING! Odd name: Цогтбаяр Усанболор
WARNING! Odd name: Тонгуюн Варарут
WARNING! Odd name: Аззам Рана
WARNING! Odd name: Мамедова Фарах Алихан кызы
WARNING! Odd name: Алиева Айшен Алияддин кызы
WARNING! Odd name: Даваажамц Гунбилэг
WARNING! Odd name: Леон Сентьено Джианкарло Альфредо
WARNING! Odd name: Алназарова Лейла Латиф кызы
WARNING! Odd name: Балакишиева Эльмира
WARNING! Odd name: Ганбаатар Бадамханд
WARNING! Odd name: Тадевосян Карине
WARNING! Odd name: Бедиа Афуэ Ребекка Приска
WARNING! Odd name: Бадамсурэн Менхбаяр
WARNING! Odd name: Денисова Нина
WARNING! Odd name: Ананян Мариам
WARNING! Odd name: Теймурзаде Азиза Музахир кызы
WARNING! Odd name: Анищенкова Екатерина
WARNING! Odd name: Чебыкина Валерьевна
WARNING! Odd name: Ли Сяосюэ
WARNING! Odd name: Аммур Салем
WARNING! Odd name: Вильявивенсио Франсиско
WARNING! Odd name: Ампуэро Хустиниано Паола Андрэа Леонардовна
WARNING! Odd name: Ибрагимова Бановша Аладдин кызы
WARNING! Odd name: Хатем Ямина
WARNING! Odd name: Овчинникова Белла Мария Евгеньевна
WARNING! Odd name: Аль-Сабан Хасна Улайя Хасан Ибрагим
WARNING! Odd name: Гасанова Тарана Ахмедали кызы
WARNING! Odd name: Матни Гадир
WARNING! Odd name: Ядыкин Сергеевич
WARNING! Odd name: Гасанов Орхан Шакир оглы
WARNING! Odd name: Татевосова Ирина
WARNING! Odd name: Перевертайло Дарья
WARNING! Odd name: Батзориг Батжаргал
WARNING! Odd name: Деревянко Серж
WARNING! Odd name: Аль Сафади Таха Мохаммад
WARNING! Odd name: Алтантосгон Ундрас
WARNING! Odd name: Энхбаяр Энхтушиг
WARNING! Odd name: Дауи Катерин
WARNING! Odd name: Лирасантана Чалита
WARNING! Odd name: Баясгалан Батмунх
WARNING! Odd name: Интриаго Пасминьо Марсия Беатрис
WARNING! Odd name: Ботти Александра
WARNING! Odd name: Ларреа Тарарухина Анита Бланка
WARNING! Odd name: Мартикян Наринэ
WARNING! Odd name: Бояр Хулан
WARNING! Odd name: Баярсайхан Инжболор
WARNING! Odd name: Баярхуу Онцоо
WARNING! Odd name: Лхагвадорж Номин
WARNING! Odd name: Ахмедова Наргиз Новруз кызы
WARNING! Odd name: Думбадзе Магда
WARNING! Odd name: Бямбажав Баяржаргал
WARNING! Odd name: Орбелиани-Муравьев-Апостол Иннокентий
WARNING! Odd name: Дуке Энао Хуан Пабло
WARNING! Odd name: Бямбасурен Энхтуяа
WARNING! Odd name: Пумсангуан Анчаянию
WARNING! Odd name: Тумургудур Дэлгэрмаа
WARNING! Odd name: Зульфигарова Залина Мустафа кызы
WARNING! Odd name: Мхиссин Рами
WARNING! Odd name: Гусейнова Эллада Яшар кызы
WARNING! Odd name: Гусейнова Гюлай Адил Кызы
WARNING! Odd name: Путкарадзе Майя
WARNING! Odd name: Цэрэнням Ариун – Ундрал
WARNING! Odd name: Каваз Махомар Любовь Вячеславовна
WARNING! Odd name: Капанец Ксения
WARNING! Odd name: Канбар Мария
WARNING! Odd name: Кебурия Софья
WARNING! Odd name: Каримова Жайнагул
WARNING! Odd name: Керрум Линеда
WARNING! Odd name: Ку Лазарева Екатерина Викторовна
WARNING! Odd study type: КОМП
WARNING! Odd study type: КОМП.
WARNING! Odd study type: КОМПповтор
WARNING! Unknown gender: Нгуен Киеу Лоан
WARNING! Unknown gender: Ндиай Ндонго
WARNING! Unknown gender: Ндиай Абдулай
WARNING! Unknown gender: Натур Аида Висам
WARNING! Unknown gender: Нямжав Одонтуяа
WARNING! Unknown gender: Огуринде Оке Нисефор
WARNING! Unknown gender: Цогтбаяр Усанболор
WARNING! Unknown gender: Лангенге Альфредо Эваристо
WARNING! Unknown gender: Тонгуюн Варарут
WARNING! Unknown gender: О Хен У
WARNING! Unknown gender: Чо Ын Ен
WARNING! Unknown gender: Пак Ри На
WARNING! Unknown gender: Ян Хо Вон
WARNING! Unknown gender: Ли Хан Ен
WARNING! Unknown gender: Ен Хе Чжин
WARNING! Unknown gender: Чой Чжа Ён
WARNING! Unknown gender: Саад Роман Важих
WARNING! Unknown gender: Даваажамц Гунбилэг
WARNING! Unknown gender: Бе Хон Чжу
WARNING! Unknown gender: Цой Зин Чхор
WARNING! Unknown gender: Леон Сентьено Джианкарло Альфредо
WARNING! Unknown gender: Хо Хон Бум
WARNING! Unknown gender: Ганбаатар Бадамханд
WARNING! Unknown gender: Тадевосян Карине
WARNING! Unknown gender: Бедиа Афуэ Ребекка Приска
WARNING! Unknown gender: Пак Ю Ир
WARNING! Unknown gender: Блознялите Айсте Мария
WARNING! Unknown gender: Бадамсурэн Менхбаяр
WARNING! Unknown gender: Самохина Екатерина Александрова
WARNING! Unknown gender: Ананян Мариам
WARNING! Unknown gender: Теймурзаде Азиза Музахир кызы
WARNING! Unknown gender: Ле Хыонг Ли
WARNING! Unknown gender: Эзех Альфонсус Оньека
WARNING! Unknown gender: Окороукву Джон Хамфри
WARNING! Unknown gender: Ли Сяосюэ
WARNING! Unknown gender: Аммур Салем
WARNING! Unknown gender: Вильявивенсио Франсиско
WARNING! Unknown gender: Сальхани Мария Абдульгани
WARNING! Unknown gender: Тесема Тигист Бегашау
WARNING! Unknown gender: Аль-Сабан Хасна Улайя Хасан Ибрагим
WARNING! Unknown gender: Матни Гадир
WARNING! Unknown gender: Перевертайло Дарья
WARNING! Unknown gender: Батзориг Батжаргал
WARNING! Unknown gender: Гаспар Жоана Феррейра
WARNING! Unknown gender: Деревянко Серж
WARNING! Unknown gender: Аль Сафади Таха Мохаммад
WARNING! Unknown gender: Алтантосгон Ундрас
WARNING! Unknown gender: Энхбаяр Энхтушиг
WARNING! Unknown gender: Дауи Катерин
WARNING! Unknown gender: Лирасантана Чалита
WARNING! Unknown gender: Гетахун Мария Бикорова
WARNING! Unknown gender: Баясгалан Батмунх
WARNING! Unknown gender: Интриаго Пасминьо Марсия Беатрис
WARNING! Unknown gender: Ботти Александра
WARNING! Unknown gender: Ларреа Тарарухина Анита Бланка
WARNING! Unknown gender: Мартикян Наринэ
WARNING! Unknown gender: Бояр Хулан
WARNING! Unknown gender: Баярсайхан Инжболор
WARNING! Unknown gender: Баярхуу Онцоо
WARNING! Unknown gender: Лхагвадорж Номин
WARNING! Unknown gender: Чыонг Тхи Бик
WARNING! Unknown gender: Думбадзе Магда
WARNING! Unknown gender: Бямбажав Баяржаргал
WARNING! Unknown gender: Орбелиани-Муравьев-Апостол Иннокентий
WARNING! Unknown gender: Дуке Энао Хуан Пабло
WARNING! Unknown gender: Бямбасурен Энхтуяа
WARNING! Unknown gender: Хуинь Кам Ша
WARNING! Unknown gender: Пумсангуан Анчаянию
WARNING! Unknown gender: Тумургудур Дэлгэрмаа
WARNING! Unknown gender: Мхиссин Рами
WARNING! Unknown gender: Путкарадзе Майя
WARNING! Unknown gender: Тьу Тхи Фук
WARNING! Unknown gender: Цэрэнням Ариун – Ундрал
WARNING! Unknown gender: Ким И Ре
WARNING! Unknown gender: Ким Ми Ен
WARNING! Unknown gender: Ким Бок Хян
WARNING! Unknown gender: Капанец Ксения
WARNING! Unknown gender: Канбар Мария
WARNING! Unknown gender: Ким Су Зон
WARNING! Unknown gender: Кебурия Софья
WARNING! Unknown gender: Керрум Линеда
